1
                 Chemistry at HARvard Macromolecular Mechanics
           (CHARMM) - Developmental Version 41a2   February 15, 2016            
                             Git commit ID 32f4c6f                              
       Copyright(c) 1984-2014  President and Fellows of Harvard College
                              All Rights Reserved
      Current operating system: Darwin-14.5.0(x86_64)@it034065.local[+  1]      
                 Created on  4/3/16 at 12:44:16 by user: robert_arbon

            Maximum number of ATOMS:    360720, and RESidues:      120240
 RDTITL> *AADH 2 STATE EVB
 RDTITL> *
  
 CHARMM>    !
 CHARMM>    !            Amine                             Amine
 CHARMM>    !              |                                 |
 CHARMM>    !              NH                                NH
 CHARMM>    !              |
 CHARMM>    !              H
 CHARMM>    !                                             H
 CHARMM>    !                                            /
 CHARMM>    !           O(D1)  O(D2)                     O(D1)  O(D2)
 CHARMM>    !           \     //                          \     //
 CHARMM>    !            \   //                            \   //
 CHARMM>    !              C3                               C3
 CHARMM>    !              |                                |
 CHARMM>    !             Asp                              Asp
 CHARMM>    !      state 1 (aadh_reactant.psf)      state 2 (aadh_prod_od1.psf) !-- these are the psf files
 CHARMM>     
  
 CHARMM>    ! nensem : number of EVB states
 CHARMM>    ensemble nensem 2
 Testing outu            0           0
  
 CHARMM>     
  
 CHARMM>    bomlev 0
  
 CHARMM>    prnlev 5
  
 CHARMM>    wrnlev 2
  
 CHARMM>     
  
 CHARMM>    if ?ensemble .ne. 1 then
 RDCMND substituted energy or value "?ENSEMBLE" to "1"
 Comparing "1" and "1".
 IF test evaluated as false.  Skip to ELSE or ENDIF
  
 CHARMM>     
  
 CHARMM>     
  
 CHARMM>    set node ?whoiam
 RDCMND substituted energy or value "?WHOIAM" to "0"
 Parameter: NODE <- "0"
  
 CHARMM>     
  
 CHARMM>    !set setupdir /Users/williamglass/Documents/TMCS/Bristol/Project/AADH_EVB
 CHARMM>    !set setupdirOD1 /Users/williamglass/Documents/TMCS/Bristol/Project/AADH_EVB/charmm_evb_calcs/OD1
 CHARMM>    !set outputdir /Users/williamglass/Documents/TMCS/Bristol/Project/AADH_EVB/OD1_outputs
 CHARMM>     
  
 CHARMM>    set setupdir /Users/robert_arbon/Code/AADH_EVB
 Parameter: SETUPDIR <- "/USERS/ROBERT_ARBON/CODE/AADH_EVB"
  
 CHARMM>    set setupdirOD1 @setupdir/OD1
 Parameter: SETUPDIR -> "/USERS/ROBERT_ARBON/CODE/AADH_EVB"
 Parameter: SETUPDIROD1 <- "/USERS/ROBERT_ARBON/CODE/AADH_EVB/OD1"
  
 CHARMM>    set outputdir @setupdir/OD1_outputs
 Parameter: SETUPDIR -> "/USERS/ROBERT_ARBON/CODE/AADH_EVB"
 Parameter: OUTPUTDIR <- "/USERS/ROBERT_ARBON/CODE/AADH_EVB/OD1_OUTPUTS"
  
 CHARMM>     
  
 CHARMM>    !
 CHARMM>    ! READ IN TOPOLOGIES
 CHARMM>    !
 CHARMM>    ensemble open read unit 11 card name @setupdir/top_ttw.inp
 Parameter: SETUPDIR -> "/USERS/ROBERT_ARBON/CODE/AADH_EVB"
  
 CHARMM>    read rtf card unit 11
 MAINIO> Residue topology file being read from unit  11.
 TITLE> *>>>>>>>>CHARMM22 ALL-HYDROGEN TOPOLOGY FILE FOR PROTEINS <<<<<<
 TITLE> *>>>>>>>>>>>>>>>>>>>>> AUGUST 1999 <<<<<<<<<<<<<<<<<<<<<<<<<<<<<
 TITLE> *>>>>>>> DIRECT COMMENTS TO ALEXANDER D. MACKERELL JR. <<<<<<<<<
 TITLE> *>>>>>> 410-706-7442 OR EMAIL: ALEX,MMIRIS.AB.UMD.EDU  <<<<<<<<<
 TITLE> *
  
 CHARMM>    ensemble close unit 11
   UNIT 11                                                                      
 ENSEMBLE>   REPLICA NODE   0 CLOSING UNIT  11                                                                          
 ENSEMBLE>   REPLICA NODE   1 CLOSING UNIT  11                                                                          
  
 CHARMM>     
  
 CHARMM>    if @node .eq. 1 then
 Parameter: NODE -> "0"
 Comparing "0" and "1".
 IF test evaluated as false.  Skip to ELSE or ENDIF
  
 CHARMM>     
  
 CHARMM>    !
 CHARMM>    ! READ IN PARAMETERS
 CHARMM>    !
 CHARMM>    ensemble open read form unit 1 name @setupdir/par_ttw.inp
 Parameter: SETUPDIR -> "/USERS/ROBERT_ARBON/CODE/AADH_EVB"
  
 CHARMM>    read parameter card unit 1

          PARAMETER FILE BEING READ FROM UNIT  1
 TITLE> *>>>> CHARMM22 ALL-HYDROGEN PARAMETER FILE FOR PROTEINS <<<<<<<<<<
 TITLE> *>>>>>>>>>>>>>>>>>>>>>> AUGUST 1999 <<<<<<<<<<<<<<<<<<<<<<<<<<<<<
 TITLE> *>>>>>>> DIRECT COMMENTS TO ALEXANDER D. MACKERELL JR. <<<<<<<<<
 TITLE> *>>>>>> 410-706-7442 OR EMAIL: ALEX,MMIRIS.AB.UMD.EDU  <<<<<<<<<
 TITLE> *
 PARMIO> NONBOND, HBOND lists and IMAGE atoms cleared.
  
 CHARMM>    ensemble close unit 1
   UNIT 1                                                                       
 ENSEMBLE>   REPLICA NODE   0 CLOSING UNIT   1                                                                          
 ENSEMBLE>   REPLICA NODE   1 CLOSING UNIT  11                                                                          
  
 CHARMM>     
  
 CHARMM>    !
 CHARMM>    ! READ IN PSF & COOR
 CHARMM>     
  
 CHARMM>    !if @node .eq. 0 then
 CHARMM>     read psf card name @setupdirOD1/aadh_reactant.psf
 Parameter: SETUPDIROD1 -> "/USERS/ROBERT_ARBON/CODE/AADH_EVB/OD1"
 VOPEN> Attempting to open::/USERS/ROBERT_ARBON/CODE/AADH_EVB/OD1/AADH_REACTANT.PSF::
 MAINIO> Protein structure file being read from unit  90.
 TITLE>  *  QM/MM DYNAMICS WITH UMBRELLA SAMPLING
 TITLE>  *  AADH: TRYPTAMINE NEW CRYSTAL STRUCTURE
 TITLE>  *  28/10/03
 TITLE>  *  DATE:     2/28/14     10:34:56      CREATED BY USER: kr8728
 TITLE>  *
 PSFSUM> PSF modified: NONBOND lists and IMAGE atoms cleared.
 PSFSUM> Summary of the structure file counters :
         Number of segments      =        4   Number of residues   =     1639
         Number of atoms         =     8179   Number of groups     =     2609
         Number of bonds         =     8238   Number of angles     =     8753
         Number of dihedrals     =    10802   Number of impropers  =      696
         Number of cross-terms   =        0
         Number of HB acceptors  =     1772   Number of HB donors  =     3172
         Number of NB exclusions =        0   Total charge =   -6.00000
 VCLOSE: Closing unit   90 with status "KEEP"
  
 CHARMM>    !endif
 CHARMM>     
  
 CHARMM>    !if @node .eq. 1 then
 CHARMM>    ! read psf card name @setupdirOD1/aadh_prod_od1_rename.psf
 CHARMM>    !endif
 CHARMM>     
  
 CHARMM>    read coor card name @setupdirOD1/path1_b3lyp_geom3.crd
 Parameter: SETUPDIROD1 -> "/USERS/ROBERT_ARBON/CODE/AADH_EVB/OD1"
 VOPEN> Attempting to open::/USERS/ROBERT_ARBON/CODE/AADH_EVB/OD1/PATH1_B3LYP_GEOM3.CRD::
          SPATIAL COORDINATES BEING READ FROM UNIT 90
 TITLE> *  QM/MM DYNAMICS WITH UMBRELLA SAMPLING
 TITLE> *  AADH: TRYPTAMINE NEW CRYSTAL STRUCTURE
 TITLE> *  28/10/03
 TITLE> *  DATE:     3/ 4/14     20:20:18      CREATED BY USER: KR8728
 TITLE> *
 VCLOSE: Closing unit   90 with status "KEEP"
  
 CHARMM>    !print coor card name @setupdirOD1/path1_b3lyp_geom3.crd
 CHARMM>     
  
 CHARMM>    ! CALCULATE DIPOLE
 CHARMM>    !
 CHARMM>    !  This is needed to allow the calculation of state averaged dipole moments.
 CHARMM>    !  Useful in debugging/analysis. As there is only one molecule then we can use
 CHARMM>    !  'sele all end'
 CHARMM>    !
 CHARMM>    ! coor dipo sele all end
 CHARMM>     
  
 CHARMM>    !
 CHARMM>    ! CALCULATE NON-EVB ENERGY
 CHARMM>    !
 CHARMM>    !  This is here for comparison with EVB energy calculation
 CHARMM>    !
 CHARMM>    energy

 NONBOND OPTION FLAGS: 
     ELEC     VDW      ATOMs    CDIElec  SHIFt    VATOm    VSWItch 
     BYGRoup  NOEXtnd  NOEWald 
 CUTNB  = 14.000 CTEXNB =999.000 CTONNB = 10.000 CTOFNB = 12.000
 CGONNB =  0.000 CGOFNB = 10.000
 WMIN   =  1.500 WRNMXD =  0.500 E14FAC =  1.000 EPS    =  1.000
 NBXMOD =      5
 There are        0 atom  pairs and        0 atom  exclusions.
 There are        0 group pairs and        0 group exclusions.
 <MAKINB> with mode   5 found  15635 exclusions and  10576 interactions(1-4)
 <MAKGRP> found   3574 group exclusions.
 Generating nonbond list with Exclusion mode = 5
 == PRIMARY == SPACE FOR  2350249 ATOM PAIRS AND        0 GROUP PAIRS
 == PRIMARY == SPACE FOR  3525393 ATOM PAIRS AND        0 GROUP PAIRS
 == PRIMARY == SPACE FOR  5288109 ATOM PAIRS AND        0 GROUP PAIRS

 General atom nonbond list generation found:
  3618485 ATOM PAIRS WERE FOUND FOR ATOM LIST
   205669 GROUP PAIRS REQUIRED ATOM SEARCHES

ENER ENR:  Eval#     ENERgy      Delta-E         GRMS
ENER INTERN:          BONDs       ANGLes       UREY-b    DIHEdrals    IMPRopers
ENER EXTERN:        VDWaals         ELEC       HBONds          ASP         USER
 ----------       ---------    ---------    ---------    ---------    ---------
ENER>        0 -17716.83318      0.00000     16.05305
ENER INTERN>     2191.27699   2132.81120    156.88958   1364.81437     81.47737
ENER EXTERN>      640.20972 -24284.31241      0.00000      0.00000      0.00000
 ----------       ---------    ---------    ---------    ---------    ---------
  
 CHARMM>     
  
 CHARMM>    stop

      $$$$$$  New timer profile Local node$$$$$

   List time                       0.64 Other:            0.00
         Electrostatic & VDW             0.17 Other:            0.00
      Nonbond force                   0.17 Other:            0.00
         Bond energy                     0.00 Other:            0.00
         Angle energy                    0.00 Other:            0.00
         Dihedral energy                 0.00 Other:            0.00
         Restraints energy               0.00 Other:            0.00
      INTRNL energy                   0.00 Other:            0.00
      Comm energy                     0.00 Other:            0.00
      Comm force                      0.00 Other:            0.00
   Energy time                     0.18 Other:            0.00
 Total time                      0.99 Other:            0.18

         $$$$$$  Average   profile $$$$$

   List time                       0.64 Other:            0.00
         Electrostatic & VDW             0.17 Other:            0.00
      Nonbond force                   0.17 Other:            0.00
         Bond energy                     0.00 Other:            0.00
         Angle energy                    0.00 Other:            0.00
         Dihedral energy                 0.00 Other:            0.00
         Restraints energy               0.00 Other:            0.00
      INTRNL energy                   0.00 Other:            0.00
      Comm energy                     0.00 Other:            0.00
      Comm force                      0.00 Other:            0.00
   Energy time                     0.18 Other:            0.00
 Total time                      0.99 Other:            0.18
MEMORY DEALLOCATION ERROR      morsi SOURCE morse_ltm. PROCEDURE morse_deallocate
